[34m2023-03-25 16:42:56.921 UTC [nodeCmd] serve -> INFO 001[0m Starting peer:
 Version: 2.1.0
 Commit SHA: 1bdf97537
 Go version: go1.14.1
 OS/Arch: linux/amd64
 Chaincode:
  Base Docker Label: org.hyperledger.fabric
  Docker Namespace: hyperledger
[34m2023-03-25 16:42:56.921 UTC [peer] getLocalAddress -> INFO 002[0m Auto-detected peer address: 10.0.2.15:7065
[34m2023-03-25 16:42:56.922 UTC [peer] getLocalAddress -> INFO 003[0m Host is 0.0.0.0 , falling back to auto-detected address: 10.0.2.15:7065
[34m2023-03-25 16:42:56.977 UTC [ledgermgmt] NewLedgerMgr -> INFO 004[0m Initializing LedgerMgr
[34m2023-03-25 16:42:57.008 UTC [leveldbhelper] openDBAndCheckFormat -> INFO 005[0m DB is empty Setting db format as 2.0
[34m2023-03-25 16:42:57.009 UTC [fsblkstorage] NewProvider -> INFO 006[0m Creating new file ledger directory at /vagrant/automobile/client/manufacturer/ledgersData/chains/chains
[34m2023-03-25 16:42:57.023 UTC [leveldbhelper] openDBAndCheckFormat -> INFO 007[0m DB is empty Setting db format as 2.0
[34m2023-03-25 16:42:57.050 UTC [leveldbhelper] openDBAndCheckFormat -> INFO 008[0m DB is empty Setting db format as 2.0
[34m2023-03-25 16:42:57.050 UTC [ledgermgmt] NewLedgerMgr -> INFO 009[0m Initialized LedgerMgr
[34m2023-03-25 16:42:57.073 UTC [gossip.service] New -> INFO 00a[0m Initialize gossip with endpoint 10.0.2.15:7065
[34m2023-03-25 16:42:57.075 UTC [gossip.gossip] New -> INFO 00b[0m Creating gossip service with self membership of Endpoint: , InternalEndpoint: 10.0.2.15:7065, PKI-ID: cf332d368473f49b18f954a813c07c8a40df3bd941db2cf3a508b49af108488f, Metadata: 
[33m2023-03-25 16:42:57.075 UTC [gossip.gossip] New -> WARN 00c[0m External endpoint is empty, peer will not be accessible outside of its organization
[34m2023-03-25 16:42:57.076 UTC [gossip.gossip] start -> INFO 00d[0m Gossip instance 10.0.2.15:7065 started
[34m2023-03-25 16:42:57.077 UTC [lifecycle] InitializeLocalChaincodes -> INFO 00e[0m Initialized lifecycle cache with 0 already installed chaincodes
[34m2023-03-25 16:42:57.078 UTC [nodeCmd] computeChaincodeEndpoint -> INFO 00f[0m Entering computeChaincodeEndpoint with peerHostname: 10.0.2.15
[34m2023-03-25 16:42:57.078 UTC [nodeCmd] computeChaincodeEndpoint -> INFO 010[0m Exit with ccEndpoint: 127.0.0.1:7087
[34m2023-03-25 16:42:57.089 UTC [sccapi] DeploySysCC -> INFO 011[0m deploying system chaincode 'lscc'
[34m2023-03-25 16:42:57.090 UTC [sccapi] DeploySysCC -> INFO 012[0m deploying system chaincode 'cscc'
[34m2023-03-25 16:42:57.090 UTC [sccapi] DeploySysCC -> INFO 013[0m deploying system chaincode 'qscc'
[34m2023-03-25 16:42:57.090 UTC [sccapi] DeploySysCC -> INFO 014[0m deploying system chaincode '_lifecycle'
[34m2023-03-25 16:42:57.090 UTC [nodeCmd] serve -> INFO 015[0m Deployed system chaincodes
[34m2023-03-25 16:42:57.090 UTC [discovery] NewService -> INFO 016[0m Created with config TLS: false, authCacheMaxSize: 1000, authCachePurgeRatio: 0.750000
[34m2023-03-25 16:42:57.090 UTC [nodeCmd] registerDiscoveryService -> INFO 017[0m Discovery service activated
[34m2023-03-25 16:42:57.091 UTC [nodeCmd] serve -> INFO 018[0m Starting peer with ID=[manufacturer-peer], network ID=[dev], address=[10.0.2.15:7065]
[34m2023-03-25 16:42:57.091 UTC [nodeCmd] serve -> INFO 019[0m Started peer with ID=[manufacturer-peer], network ID=[dev], address=[10.0.2.15:7065]
[34m2023-03-25 16:42:57.091 UTC [kvledger] LoadPreResetHeight -> INFO 01a[0m Loading prereset height from path [/vagrant/automobile/client/manufacturer/ledgersData/chains]
[34m2023-03-25 16:42:57.091 UTC [fsblkstorage] preResetHtFiles -> INFO 01b[0m No active channels passed
[34m2023-03-25 16:43:17.680 UTC [ledgermgmt] CreateLedger -> INFO 01c[0m Creating ledger [automobilechannel] with genesis block
[34m2023-03-25 16:43:17.682 UTC [fsblkstorage] newBlockfileMgr -> INFO 01d[0m Getting block information from block storage
[34m2023-03-25 16:43:17.693 UTC [kvledger] CommitLegacy -> INFO 01e[0m [automobilechannel] Committed block [0] with 1 transaction(s) in 9ms (state_validation=0ms block_and_pvtdata_commit=8ms state_commit=0ms) commitHash=[]
[34m2023-03-25 16:43:17.694 UTC [ledgermgmt] CreateLedger -> INFO 01f[0m Created ledger [automobilechannel] with genesis block
[34m2023-03-25 16:43:17.700 UTC [gossip.gossip] JoinChan -> INFO 020[0m Joining gossip network of channel automobilechannel with 3 organizations
[34m2023-03-25 16:43:17.700 UTC [gossip.gossip] learnAnchorPeers -> INFO 021[0m No configured anchor peers of ExciseMSP for channel automobilechannel to learn about
[34m2023-03-25 16:43:17.700 UTC [gossip.gossip] learnAnchorPeers -> INFO 022[0m No configured anchor peers of ManufacturerMSP for channel automobilechannel to learn about
[34m2023-03-25 16:43:17.701 UTC [gossip.gossip] learnAnchorPeers -> INFO 023[0m No configured anchor peers of FbrMSP for channel automobilechannel to learn about
[34m2023-03-25 16:43:17.705 UTC [gossip.state] NewGossipStateProvider -> INFO 024[0m Updating metadata information for channel automobilechannel, current ledger sequence is at = 0, next expected block is = 1
[34m2023-03-25 16:43:17.706 UTC [endorser] callChaincode -> INFO 025[0m finished chaincode: cscc duration: 35ms channel= txID=42234b51
[34m2023-03-25 16:43:17.706 UTC [comm.grpc.server] 1 -> INFO 026[0m unary call completed grpc.service=protos.Endorser grpc.method=ProcessProposal grpc.peer_address=127.0.0.1:57414 grpc.code=OK grpc.call_duration=37.850124ms
[34m2023-03-25 16:43:23.706 UTC [gossip.election] beLeader -> INFO 027[0m cf332d368473f49b18f954a813c07c8a40df3bd941db2cf3a508b49af108488f : Becoming a leader
[34m2023-03-25 16:43:23.706 UTC [gossip.service] func1 -> INFO 028[0m Elected as a leader, starting delivery service for channel automobilechannel
[34m2023-03-25 16:43:23.706 UTC [deliveryClient] StartDeliverForChannel -> INFO 029[0m This peer will retrieve blocks from ordering service and disseminate to other peers in the organization for channel automobilechannel
[34m2023-03-25 16:45:14.246 UTC [gossip.privdata] StoreBlock -> INFO 02a[0m [automobilechannel] Received block [1] from buffer
[34m2023-03-25 16:45:14.255 UTC [committer.txvalidator] Validate -> INFO 02b[0m [automobilechannel] Validated block [1] in 7ms
[34m2023-03-25 16:45:14.256 UTC [gossip.privdata] prepareBlockPvtdata -> INFO 02c[0m Successfully fetched all eligible collection private write sets for block [1] channel=automobilechannel
[34m2023-03-25 16:45:14.268 UTC [kvledger] CommitLegacy -> INFO 02d[0m [automobilechannel] Committed block [1] with 1 transaction(s) in 4ms (state_validation=0ms block_and_pvtdata_commit=2ms state_commit=0ms) commitHash=[18fce25801bb8da00a34a9136ac6b916596ef6023280cb25bea313a2e07a900f]
[34m2023-03-25 16:45:35.166 UTC [gossip.privdata] StoreBlock -> INFO 02e[0m [automobilechannel] Received block [2] from buffer
[34m2023-03-25 16:45:35.173 UTC [committer.txvalidator] Validate -> INFO 02f[0m [automobilechannel] Validated block [2] in 6ms
[34m2023-03-25 16:45:35.174 UTC [gossip.privdata] prepareBlockPvtdata -> INFO 030[0m Successfully fetched all eligible collection private write sets for block [2] channel=automobilechannel
[34m2023-03-25 16:45:35.186 UTC [kvledger] CommitLegacy -> INFO 031[0m [automobilechannel] Committed block [2] with 1 transaction(s) in 3ms (state_validation=0ms block_and_pvtdata_commit=2ms state_commit=0ms) commitHash=[5877864d06f46e978e84b8eb02c3d9cf3c33fae7b772b2d7873acdc95767730f]
[34m2023-03-25 16:45:50.026 UTC [gossip.privdata] StoreBlock -> INFO 032[0m [automobilechannel] Received block [3] from buffer
[34m2023-03-25 16:45:50.027 UTC [committer.txvalidator] Validate -> INFO 033[0m [automobilechannel] Validated block [3] in 0ms
[34m2023-03-25 16:45:50.030 UTC [gossip.privdata] prepareBlockPvtdata -> INFO 034[0m Successfully fetched all eligible collection private write sets for block [3] channel=automobilechannel
[34m2023-03-25 16:45:50.031 UTC [lifecycle] update -> INFO 035[0m Updating cached definition for chaincode 'gocc' on channel 'automobilechannel'
[34m2023-03-25 16:45:50.032 UTC [cceventmgmt] HandleStateUpdates -> INFO 036[0m Channel [automobilechannel]: Handling deploy or update of chaincode [gocc]
[34m2023-03-25 16:45:50.058 UTC [kvledger] CommitLegacy -> INFO 037[0m [automobilechannel] Committed block [3] with 1 transaction(s) in 27ms (state_validation=2ms block_and_pvtdata_commit=11ms state_commit=2ms) commitHash=[e6b0645984487b213a92f8f437d74b9cffb4024986f8185dfa10f01bdd08aa77]
